<?xml version="1.0" encoding="UTF-8"?>
<!-- Generated by org.testng.reporters.JUnitXMLReporter -->
<testsuite hostname="EC2AMAZ-QPE55D9" ignored="0" name="COBNewCaseEntryTabTest Tab Test" tests="1" failures="1" timestamp="06 Mar 2020 07:12:19 GMT" time="56.813" errors="0">
  <testcase name="doLogin" time="56.811" classname="testCases.COBNewCaseEntryTabTest">
    <failure type="java.lang.AssertionError" message="Fail -Unable to select the optionclientname3">
      <![CDATA[java.lang.AssertionError: Fail -Unable to select the optionclientname3
at com.qtpselenium.util.Keywords.executekeywords(Keywords.java:152)
at testCases.COBNewCaseEntryTabTest.doLogin(COBNewCaseEntryTabTest.java:29)
... Removed 29 stack frames]]>
    </failure>
  </testcase> <!-- doLogin -->
</testsuite> <!-- COBNewCaseEntryTabTest Tab Test -->
