<?xml version="1.0" encoding="UTF-8"?>
<testsuite xmlns:xsi="http://www.w3.org/2001/XMLSchema-instance" xsi:schemaLocation="https://maven.apache.org/surefire/maven-surefire-plugin/xsd/surefire-test-report.xsd" name="TestSuite" time="1,496.985" tests="9" errors="0" skipped="4" failures="0">
  <properties>
[...]
</properties>
  <testcase name="doLogin" classname="testCases.LoginTest" time="377.906"/>
  <testcase name="clickActivity" classname="testCases.ActivitytTabTest" time="0">
    <skipped message="Skipping the test as runmode is set to no"/>
    <system-out><![CDATA[Test caseActivitytTabTeststarts from row5
Total no of rows in the test caseActivitytTabTestare1
Total no of columns in the test caseActivitytTabTestare5
N--Audit: Issue resolved with case manager--NEW: Investigation--ALL--Notes: Investigation--
**********
]]></system-out>
  </testcase>
  <testcase name="clickActivity" classname="testCases.DiaryTabTest" time="0">
    <skipped message="Skipping the test as runmode is set to no"/>
    <system-out><![CDATA[Test caseDiaryTabTeststarts from row9
Total no of rows in the test caseDiaryTabTestare1
Total no of columns in the test caseDiaryTabTestare6
N--All--ASAP--Sample diary --Closed--Open--
**********
]]></system-out>
  </testcase>
  <testcase name="addNewCaseEntry" classname="testCases.NewCaseEntryTabTest" time="0">
    <skipped message="Skipping the test as runmode is set to no"/>
    <system-out><![CDATA[Test caseNewCaseEntryTabTeststarts from row17
Total no of rows in the test caseNewCaseEntryTabTestare1
Total no of columns in the test caseNewCaseEntryTabTestare12
N--Rush--a--a--TPL Case--ABCXYZDEF--66675908994089378--1234567.0--1.23456789E8--Swanand--Patil--ABCXYZ--
**********
]]></system-out>
  </testcase>
  <testcase name="clickActivity" classname="testCases.COBCaseSearchTest" time="268.399"/>
  <testcase name="doLogin" classname="testCases.COBActivitytTabTest" time="42.705"/>
  <testcase name="doLogin" classname="testCases.COBDiaryTabTest" time="542.484"/>
  <testcase name="doLogin" classname="testCases.COBNewCaseEntryTabTest" time="263.663"/>
  <testcase name="clickActivity" classname="testCases.LetterTabTest" time="0">
    <skipped message="Skipping the test as runmode is set to no"/>
    <system-out><![CDATA[Test caseLetterTabTeststarts from row13
Total no of rows in the test caseLetterTabTestare1
Total no of columns in the test caseLetterTabTestare7
N--Outgoing--Email--Member--Accounting Letters--22_Accounting Refund--4/4/19--
**********
]]></system-out>
  </testcase>
</testsuite>