<?xml version="1.0" encoding="UTF-8"?>
<testng-results skipped="4" failed="0" ignored="0" total="9" passed="5">
  <reporter-output>
  </reporter-output>
  <suite name="example1" duration-ms="1508672" started-at="2019-11-21T11:32:42Z" finished-at="2019-11-21T11:57:51Z">
    <groups>
    </groups>
    <test name="Login Test" duration-ms="394605" started-at="2019-11-21T11:32:42Z" finished-at="2019-11-21T11:39:17Z">
      <class name="testCases.LoginTest">
        <test-method status="PASS" signature="doLogin(java.util.Hashtable)[pri:0, instance:testCases.LoginTest@4c371370]" name="doLogin" duration-ms="394528" started-at="2019-11-21T11:32:42Z" data-provider="getdata" finished-at="2019-11-21T11:39:17Z">
          <params>
            <param index="0">
              <value>
                <![CDATA[{CaseNumber=1058238, CaseStatus=Investigation, Cname=(003) Rush, Text=Discovery Case Management, Runmode=Y, UserName=syntelqa@nitorsso.onmicrosoft.com, Claimtype=Medical Payments Coverage, Title=Case Management, Password=Atos!123, Ctype=TPL Case, Browser=chrome, CaseSearchResult=Case Search Results}]]>
              </value>
            </param>
          </params>
          <reporter-output>
          </reporter-output>
        </test-method> <!-- doLogin -->
      </class> <!-- testCases.LoginTest -->
    </test> <!-- Login Test -->
    <test name="Activity Tab Test" duration-ms="2" started-at="2019-11-21T11:39:17Z" finished-at="2019-11-21T11:39:17Z">
      <class name="testCases.ActivitytTabTest">
        <test-method status="SKIP" signature="clickActivity(java.util.Hashtable)[pri:0, instance:testCases.ActivitytTabTest@4afcd809]" name="clickActivity" duration-ms="0" started-at="2019-11-21T11:39:17Z" data-provider="getdata" finished-at="2019-11-21T11:39:17Z">
          <params>
            <param index="0">
              <value>
                <![CDATA[{Text2=ALL, Text1=NEW: Investigation, Runmode=N, Aname=Audit: Issue resolved with case manager, Anote=Notes: Investigation}]]>
              </value>
            </param>
          </params>
          <exception class="org.testng.SkipException">
            <message>
              <![CDATA[Skipping the test as runmode is set to no]]>
            </message>
            <full-stacktrace>
              <![CDATA[org.testng.SkipException: Skipping the test as runmode is set to no
at testCases.ActivitytTabTest.clickActivity(ActivitytTabTest.java:24)
at sun.reflect.NativeMethodAccessorImpl.invoke0(Native Method)
at sun.reflect.NativeMethodAccessorImpl.invoke(NativeMethodAccessorImpl.java:62)
at sun.reflect.DelegatingMethodAccessorImpl.invoke(DelegatingMethodAccessorImpl.java:43)
at java.lang.reflect.Method.invoke(Method.java:498)
at org.testng.internal.MethodInvocationHelper.invokeMethod(MethodInvocationHelper.java:124)
at org.testng.internal.Invoker.invokeMethod(Invoker.java:580)
at org.testng.internal.Invoker.invokeTestMethod(Invoker.java:716)
at org.testng.internal.Invoker.invokeTestMethods(Invoker.java:988)
at org.testng.internal.TestMethodWorker.invokeTestMethods(TestMethodWorker.java:125)
at org.testng.internal.TestMethodWorker.run(TestMethodWorker.java:109)
at org.testng.TestRunner.privateRun(TestRunner.java:648)
at org.testng.TestRunner.run(TestRunner.java:505)
at org.testng.SuiteRunner.runTest(SuiteRunner.java:455)
at org.testng.SuiteRunner.runSequentially(SuiteRunner.java:450)
at org.testng.SuiteRunner.privateRun(SuiteRunner.java:415)
at org.testng.SuiteRunner.run(SuiteRunner.java:364)
at org.testng.SuiteRunnerWorker.runSuite(SuiteRunnerWorker.java:52)
at org.testng.SuiteRunnerWorker.run(SuiteRunnerWorker.java:84)
at org.testng.TestNG.runSuitesSequentially(TestNG.java:1208)
at org.testng.TestNG.runSuitesLocally(TestNG.java:1137)
at org.testng.TestNG.runSuites(TestNG.java:1049)
at org.testng.TestNG.run(TestNG.java:1017)
at org.apache.maven.surefire.testng.TestNGExecutor.run(TestNGExecutor.java:281)
at org.apache.maven.surefire.testng.TestNGXmlTestSuite.execute(TestNGXmlTestSuite.java:75)
at org.apache.maven.surefire.testng.TestNGProvider.invoke(TestNGProvider.java:121)
at org.apache.maven.surefire.booter.ForkedBooter.invokeProviderInSameClassLoader(ForkedBooter.java:290)
at org.apache.maven.surefire.booter.ForkedBooter.runSuitesInProcess(ForkedBooter.java:242)
at org.apache.maven.surefire.booter.ForkedBooter.main(ForkedBooter.java:121)
]]>
            </full-stacktrace>
          </exception> <!-- org.testng.SkipException -->
          <reporter-output>
          </reporter-output>
        </test-method> <!-- clickActivity -->
      </class> <!-- testCases.ActivitytTabTest -->
    </test> <!-- Activity Tab Test -->
    <test name="Diary Tab Test" duration-ms="1" started-at="2019-11-21T11:39:17Z" finished-at="2019-11-21T11:39:17Z">
      <class name="testCases.DiaryTabTest">
        <test-method status="SKIP" signature="clickActivity(java.util.Hashtable)[pri:0, instance:testCases.DiaryTabTest@7586beff]" name="clickActivity" duration-ms="0" started-at="2019-11-21T11:39:17Z" data-provider="getdata" finished-at="2019-11-21T11:39:17Z">
          <params>
            <param index="0">
              <value>
                <![CDATA[{diarydisc=Sample diary , changestatus1=Open, diarytype=ASAP, changestatus=Closed, Runmode=N, diarycatogory=All}]]>
              </value>
            </param>
          </params>
          <exception class="org.testng.SkipException">
            <message>
              <![CDATA[Skipping the test as runmode is set to no]]>
            </message>
            <full-stacktrace>
              <![CDATA[org.testng.SkipException: Skipping the test as runmode is set to no
at testCases.DiaryTabTest.clickActivity(DiaryTabTest.java:25)
at sun.reflect.NativeMethodAccessorImpl.invoke0(Native Method)
at sun.reflect.NativeMethodAccessorImpl.invoke(NativeMethodAccessorImpl.java:62)
at sun.reflect.DelegatingMethodAccessorImpl.invoke(DelegatingMethodAccessorImpl.java:43)
at java.lang.reflect.Method.invoke(Method.java:498)
at org.testng.internal.MethodInvocationHelper.invokeMethod(MethodInvocationHelper.java:124)
at org.testng.internal.Invoker.invokeMethod(Invoker.java:580)
at org.testng.internal.Invoker.invokeTestMethod(Invoker.java:716)
at org.testng.internal.Invoker.invokeTestMethods(Invoker.java:988)
at org.testng.internal.TestMethodWorker.invokeTestMethods(TestMethodWorker.java:125)
at org.testng.internal.TestMethodWorker.run(TestMethodWorker.java:109)
at org.testng.TestRunner.privateRun(TestRunner.java:648)
at org.testng.TestRunner.run(TestRunner.java:505)
at org.testng.SuiteRunner.runTest(SuiteRunner.java:455)
at org.testng.SuiteRunner.runSequentially(SuiteRunner.java:450)
at org.testng.SuiteRunner.privateRun(SuiteRunner.java:415)
at org.testng.SuiteRunner.run(SuiteRunner.java:364)
at org.testng.SuiteRunnerWorker.runSuite(SuiteRunnerWorker.java:52)
at org.testng.SuiteRunnerWorker.run(SuiteRunnerWorker.java:84)
at org.testng.TestNG.runSuitesSequentially(TestNG.java:1208)
at org.testng.TestNG.runSuitesLocally(TestNG.java:1137)
at org.testng.TestNG.runSuites(TestNG.java:1049)
at org.testng.TestNG.run(TestNG.java:1017)
at org.apache.maven.surefire.testng.TestNGExecutor.run(TestNGExecutor.java:281)
at org.apache.maven.surefire.testng.TestNGXmlTestSuite.execute(TestNGXmlTestSuite.java:75)
at org.apache.maven.surefire.testng.TestNGProvider.invoke(TestNGProvider.java:121)
at org.apache.maven.surefire.booter.ForkedBooter.invokeProviderInSameClassLoader(ForkedBooter.java:290)
at org.apache.maven.surefire.booter.ForkedBooter.runSuitesInProcess(ForkedBooter.java:242)
at org.apache.maven.surefire.booter.ForkedBooter.main(ForkedBooter.java:121)
]]>
            </full-stacktrace>
          </exception> <!-- org.testng.SkipException -->
          <reporter-output>
          </reporter-output>
        </test-method> <!-- clickActivity -->
      </class> <!-- testCases.DiaryTabTest -->
    </test> <!-- Diary Tab Test -->
    <test name="NewcaseEntry Tab Test" duration-ms="15" started-at="2019-11-21T11:39:17Z" finished-at="2019-11-21T11:39:17Z">
      <class name="testCases.NewCaseEntryTabTest">
        <test-method status="SKIP" signature="addNewCaseEntry(java.util.Hashtable)[pri:0, instance:testCases.NewCaseEntryTabTest@1e800aaa]" name="addNewCaseEntry" duration-ms="0" started-at="2019-11-21T11:39:17Z" data-provider="getdata" finished-at="2019-11-21T11:39:17Z">
          <params>
            <param index="0">
              <value>
                <![CDATA[{suffixid=1234567.0, ssn=1.23456789E8, adddiscription=ABCXYZDEF, Cname=Rush, Runmode=N, FristName=a, lastname=Patil, AcName=a, memberid=66675908994089378, address=ABCXYZ, fistname=Swanand, TypeofCase=TPL Case}]]>
              </value>
            </param>
          </params>
          <exception class="org.testng.SkipException">
            <message>
              <![CDATA[Skipping the test as runmode is set to no]]>
            </message>
            <full-stacktrace>
              <![CDATA[org.testng.SkipException: Skipping the test as runmode is set to no
at testCases.NewCaseEntryTabTest.addNewCaseEntry(NewCaseEntryTabTest.java:24)
at sun.reflect.NativeMethodAccessorImpl.invoke0(Native Method)
at sun.reflect.NativeMethodAccessorImpl.invoke(NativeMethodAccessorImpl.java:62)
at sun.reflect.DelegatingMethodAccessorImpl.invoke(DelegatingMethodAccessorImpl.java:43)
at java.lang.reflect.Method.invoke(Method.java:498)
at org.testng.internal.MethodInvocationHelper.invokeMethod(MethodInvocationHelper.java:124)
at org.testng.internal.Invoker.invokeMethod(Invoker.java:580)
at org.testng.internal.Invoker.invokeTestMethod(Invoker.java:716)
at org.testng.internal.Invoker.invokeTestMethods(Invoker.java:988)
at org.testng.internal.TestMethodWorker.invokeTestMethods(TestMethodWorker.java:125)
at org.testng.internal.TestMethodWorker.run(TestMethodWorker.java:109)
at org.testng.TestRunner.privateRun(TestRunner.java:648)
at org.testng.TestRunner.run(TestRunner.java:505)
at org.testng.SuiteRunner.runTest(SuiteRunner.java:455)
at org.testng.SuiteRunner.runSequentially(SuiteRunner.java:450)
at org.testng.SuiteRunner.privateRun(SuiteRunner.java:415)
at org.testng.SuiteRunner.run(SuiteRunner.java:364)
at org.testng.SuiteRunnerWorker.runSuite(SuiteRunnerWorker.java:52)
at org.testng.SuiteRunnerWorker.run(SuiteRunnerWorker.java:84)
at org.testng.TestNG.runSuitesSequentially(TestNG.java:1208)
at org.testng.TestNG.runSuitesLocally(TestNG.java:1137)
at org.testng.TestNG.runSuites(TestNG.java:1049)
at org.testng.TestNG.run(TestNG.java:1017)
at org.apache.maven.surefire.testng.TestNGExecutor.run(TestNGExecutor.java:281)
at org.apache.maven.surefire.testng.TestNGXmlTestSuite.execute(TestNGXmlTestSuite.java:75)
at org.apache.maven.surefire.testng.TestNGProvider.invoke(TestNGProvider.java:121)
at org.apache.maven.surefire.booter.ForkedBooter.invokeProviderInSameClassLoader(ForkedBooter.java:290)
at org.apache.maven.surefire.booter.ForkedBooter.runSuitesInProcess(ForkedBooter.java:242)
at org.apache.maven.surefire.booter.ForkedBooter.main(ForkedBooter.java:121)
]]>
            </full-stacktrace>
          </exception> <!-- org.testng.SkipException -->
          <reporter-output>
          </reporter-output>
        </test-method> <!-- addNewCaseEntry -->
      </class> <!-- testCases.NewCaseEntryTabTest -->
    </test> <!-- NewcaseEntry Tab Test -->
    <test name="COBCaseSearchTest Tab Test" duration-ms="276317" started-at="2019-11-21T11:39:17Z" finished-at="2019-11-21T11:43:53Z">
      <class name="testCases.COBCaseSearchTest">
        <test-method status="PASS" signature="clickActivity(java.util.Hashtable)[pri:0, instance:testCases.COBCaseSearchTest@2cd76f31]" name="clickActivity" duration-ms="276316" started-at="2019-11-21T11:39:17Z" data-provider="getdata" finished-at="2019-11-21T11:43:53Z">
          <params>
            <param index="0">
              <value>
                <![CDATA[{CaseStatus1=Investigation, Ctype1=COB Case, Runmode=Y, Claimtype1=Age Over 65, CsNumber=1058208, Cname1=(003) Rush}]]>
              </value>
            </param>
          </params>
          <reporter-output>
          </reporter-output>
        </test-method> <!-- clickActivity -->
      </class> <!-- testCases.COBCaseSearchTest -->
    </test> <!-- COBCaseSearchTest Tab Test -->
    <test name="COBActivitytTabTest Tab Test" duration-ms="43274" started-at="2019-11-21T11:43:54Z" finished-at="2019-11-21T11:44:37Z">
      <class name="testCases.COBActivitytTabTest">
        <test-method status="PASS" signature="doLogin(java.util.Hashtable)[pri:0, instance:testCases.COBActivitytTabTest@5e5d171f]" name="doLogin" duration-ms="43273" started-at="2019-11-21T11:43:54Z" data-provider="getdata" finished-at="2019-11-21T11:44:37Z">
          <params>
            <param index="0">
              <value>
                <![CDATA[{Txt1=Sample Activity, Anote1=Notes: Investigation , Runmode=Y, Aname1=Complaint: disconnected, Txt2=ALL}]]>
              </value>
            </param>
          </params>
          <reporter-output>
          </reporter-output>
        </test-method> <!-- doLogin -->
      </class> <!-- testCases.COBActivitytTabTest -->
    </test> <!-- COBActivitytTabTest Tab Test -->
    <test name="COBDiaryTabTest Tab Test" duration-ms="530000" started-at="2019-11-21T11:44:37Z" finished-at="2019-11-21T11:53:27Z">
      <class name="testCases.COBDiaryTabTest">
        <test-method status="PASS" signature="doLogin(java.util.Hashtable)[pri:0, instance:testCases.COBDiaryTabTest@c0c2f8d]" name="doLogin" duration-ms="529999" started-at="2019-11-21T11:44:37Z" data-provider="getdata" finished-at="2019-11-21T11:53:27Z">
          <params>
            <param index="0">
              <value>
                <![CDATA[{diarycatogory1=Investigation, changestatus3=Open, changestatus2=Closed, diarytype1=ASAP, Runmode=Y, diarydisc1=Sample diary }]]>
              </value>
            </param>
          </params>
          <reporter-output>
          </reporter-output>
        </test-method> <!-- doLogin -->
      </class> <!-- testCases.COBDiaryTabTest -->
    </test> <!-- COBDiaryTabTest Tab Test -->
    <test name="COBNewCaseEntryTabTest Tab Test" duration-ms="264185" started-at="2019-11-21T11:53:27Z" finished-at="2019-11-21T11:57:51Z">
      <class name="testCases.COBNewCaseEntryTabTest">
        <test-method status="PASS" signature="doLogin(java.util.Hashtable)[pri:0, instance:testCases.COBNewCaseEntryTabTest@8c3b9d]" name="doLogin" duration-ms="264183" started-at="2019-11-21T11:53:27Z" data-provider="getdata" finished-at="2019-11-21T11:57:51Z">
          <params>
            <param index="0">
              <value>
                <![CDATA[{AcName1=a, TypeofCase1=COB Case, suffixid=1234567.0, ssn=1.23456789E8, adddiscription1=ABCXYZDEF, Runmode=Y, FristName1=a, lastname=Patil, memberid=66675908994089378, address=ABCXYZ, fistname=Swanand, Cname3=Rush}]]>
              </value>
            </param>
          </params>
          <reporter-output>
          </reporter-output>
        </test-method> <!-- doLogin -->
      </class> <!-- testCases.COBNewCaseEntryTabTest -->
    </test> <!-- COBNewCaseEntryTabTest Tab Test -->
    <test name="Letter Tab Test" duration-ms="2" started-at="2019-11-21T11:57:51Z" finished-at="2019-11-21T11:57:51Z">
      <class name="testCases.LetterTabTest">
        <test-method status="SKIP" signature="clickActivity(java.util.Hashtable)[pri:0, instance:testCases.LetterTabTest@1dac5ef]" name="clickActivity" duration-ms="0" started-at="2019-11-21T11:57:51Z" data-provider="getdata" finished-at="2019-11-21T11:57:51Z">
          <params>
            <param index="0">
              <value>
                <![CDATA[{LetterRecipent=Member, Ptype=Email, Runmode=N, inputdate=4/4/19, letter=22_Accounting Refund, Lettertype=Outgoing, letterType=Accounting Letters}]]>
              </value>
            </param>
          </params>
          <exception class="org.testng.SkipException">
            <message>
              <![CDATA[Skipping the test as runmode is set to no]]>
            </message>
            <full-stacktrace>
              <![CDATA[org.testng.SkipException: Skipping the test as runmode is set to no
at testCases.LetterTabTest.clickActivity(LetterTabTest.java:25)
at sun.reflect.NativeMethodAccessorImpl.invoke0(Native Method)
at sun.reflect.NativeMethodAccessorImpl.invoke(NativeMethodAccessorImpl.java:62)
at sun.reflect.DelegatingMethodAccessorImpl.invoke(DelegatingMethodAccessorImpl.java:43)
at java.lang.reflect.Method.invoke(Method.java:498)
at org.testng.internal.MethodInvocationHelper.invokeMethod(MethodInvocationHelper.java:124)
at org.testng.internal.Invoker.invokeMethod(Invoker.java:580)
at org.testng.internal.Invoker.invokeTestMethod(Invoker.java:716)
at org.testng.internal.Invoker.invokeTestMethods(Invoker.java:988)
at org.testng.internal.TestMethodWorker.invokeTestMethods(TestMethodWorker.java:125)
at org.testng.internal.TestMethodWorker.run(TestMethodWorker.java:109)
at org.testng.TestRunner.privateRun(TestRunner.java:648)
at org.testng.TestRunner.run(TestRunner.java:505)
at org.testng.SuiteRunner.runTest(SuiteRunner.java:455)
at org.testng.SuiteRunner.runSequentially(SuiteRunner.java:450)
at org.testng.SuiteRunner.privateRun(SuiteRunner.java:415)
at org.testng.SuiteRunner.run(SuiteRunner.java:364)
at org.testng.SuiteRunnerWorker.runSuite(SuiteRunnerWorker.java:52)
at org.testng.SuiteRunnerWorker.run(SuiteRunnerWorker.java:84)
at org.testng.TestNG.runSuitesSequentially(TestNG.java:1208)
at org.testng.TestNG.runSuitesLocally(TestNG.java:1137)
at org.testng.TestNG.runSuites(TestNG.java:1049)
at org.testng.TestNG.run(TestNG.java:1017)
at org.apache.maven.surefire.testng.TestNGExecutor.run(TestNGExecutor.java:281)
at org.apache.maven.surefire.testng.TestNGXmlTestSuite.execute(TestNGXmlTestSuite.java:75)
at org.apache.maven.surefire.testng.TestNGProvider.invoke(TestNGProvider.java:121)
at org.apache.maven.surefire.booter.ForkedBooter.invokeProviderInSameClassLoader(ForkedBooter.java:290)
at org.apache.maven.surefire.booter.ForkedBooter.runSuitesInProcess(ForkedBooter.java:242)
at org.apache.maven.surefire.booter.ForkedBooter.main(ForkedBooter.java:121)
]]>
            </full-stacktrace>
          </exception> <!-- org.testng.SkipException -->
          <reporter-output>
          </reporter-output>
        </test-method> <!-- clickActivity -->
      </class> <!-- testCases.LetterTabTest -->
    </test> <!-- Letter Tab Test -->
  </suite> <!-- example1 -->
</testng-results>
