<?xml version="1.0" encoding="UTF-8"?>
<!-- Generated by org.testng.reporters.JUnitXMLReporter -->
<testsuite hostname="NIT-LPT-R105" ignored="0" name="Case Creation" tests="1" failures="1" timestamp="21 May 2019 14:58:29 GMT" time="0.279" errors="0">
  <testcase name="doLogin" time="0.279" classname="testCases.CaseCreation">
    <failure type="java.lang.AssertionError" message="Fail -Unable to navigate toCaseEntry">
      <![CDATA[java.lang.AssertionError: Fail -Unable to navigate toCaseEntry
at com.qtpselenium.util.Keywords.executekeywords(Keywords.java:146)
at testCases.CaseCreation.doLogin(CaseCreation.java:31)
... Removed 26 stack frames]]>
    </failure>
  </testcase> <!-- doLogin -->
</testsuite> <!-- Case Creation -->
