<?xml version="1.0" encoding="UTF-8"?>
<!-- Generated by org.testng.reporters.JUnitXMLReporter -->
<testsuite hostname="NIT-LPT-R105" ignored="0" name="Login Test" tests="1" failures="1" timestamp="21 May 2019 14:58:28 GMT" time="22.241" errors="0">
  <testcase name="doLogin" time="22.209" classname="testCases.LoginTest">
    <failure type="java.lang.AssertionError" message="Fail -Unable to input text onusername">
      <![CDATA[java.lang.AssertionError: Fail -Unable to input text onusername
at com.qtpselenium.util.Keywords.executekeywords(Keywords.java:146)
at testCases.LoginTest.doLogin(LoginTest.java:31)
... Removed 26 stack frames]]>
    </failure>
  </testcase> <!-- doLogin -->
</testsuite> <!-- Login Test -->
